<?xml version="1.0" encoding="UTF-8"?>
<!-- Generated by org.testng.reporters.JUnitXMLReporter -->
<testsuite ignored="0" hostname="LAPTOP-1D8K0B0C" failures="0" tests="11" name="Regression Test" time="52.513" errors="0" timestamp="2024-03-21T13:58:33 IST">
  <testcase classname="tests.SettingTests" name="ChangePasswordTest" time="3.693"/>
  <testcase classname="tests.LoginTests" name="LoginValidUsernameAndPassword" time="2.088"/>
  <testcase classname="tests.LoginTests" name="LoginValidUsernameAndInvalidPassword" time="0.47"/>
  <testcase classname="tests.LoginTests" name="LoginInvalidUsernameAndvalidPassword" time="1.132"/>
  <testcase classname="tests.LoginTests" name="LoginInvalidUsernameAndInvalidPassword" time="0.572"/>
  <testcase classname="tests.ViewContactTest" name="UpdateContactTest" time="4.894"/>
  <testcase classname="tests.ViewContactTest" name="DeleteContactTest" time="2.62"/>
  <testcase classname="tests.AddContactsTests" name="AddContact" time="2.849"/>
  <testcase classname="tests.AddContactsTests" name="AddContact" time="2.894"/>
  <testcase classname="tests.AddContactsTests" name="AddContact" time="3.485"/>
  <testcase classname="tests.RegistrationEndToEndTest" name="RegistrationTest" time="0.96"/>
</testsuite> <!-- Regression Test -->
