<?xml version="1.0" encoding="UTF-8"?>
<!-- Generated by org.testng.reporters.JUnitXMLReporter -->
<testsuite ignored="0" hostname="LAPTOP-1D8K0B0C" failures="0" tests="3" name="Login Test" time="13.855" errors="0" timestamp="2024-03-21T12:04:07 IST">
  <testcase classname="tests.AddContactsTests" name="AddContact" time="2.54"/>
  <testcase classname="tests.AddContactsTests" name="AddContact" time="2.297"/>
  <testcase classname="tests.AddContactsTests" name="AddContact" time="2.41"/>
</testsuite> <!-- Login Test -->
